[0.740s] Invoking command in '/home/rajpurkar/Isaac_Project/roboconLidar_ws/src/summit_joystick_control': PYTHONPATH=/home/rajpurkar/Isaac_Project/roboconLidar_ws/build/summit_joystick_control/prefix_override:/usr/lib/python3/dist-packages/colcon_core/task/python/colcon_distutils_commands:/home/rajpurkar/Isaac_Project/roboconLidar_ws/install/summit_joystick_control/lib/python3.10/site-packages:${PYTHONPATH} /usr/bin/python3 -W ignore:setup.py install is deprecated -W ignore:easy_install command is deprecated setup.py egg_info --egg-base ../../build/summit_joystick_control build --build-base /home/rajpurkar/Isaac_Project/roboconLidar_ws/build/summit_joystick_control/build install --record /home/rajpurkar/Isaac_Project/roboconLidar_ws/build/summit_joystick_control/install.log --single-version-externally-managed install_data
[1.007s] running egg_info
[1.007s] writing ../../build/summit_joystick_control/summit_joystick_control.egg-info/PKG-INFO
[1.007s] writing dependency_links to ../../build/summit_joystick_control/summit_joystick_control.egg-info/dependency_links.txt
[1.007s] writing entry points to ../../build/summit_joystick_control/summit_joystick_control.egg-info/entry_points.txt
[1.008s] writing requirements to ../../build/summit_joystick_control/summit_joystick_control.egg-info/requires.txt
[1.008s] writing top-level names to ../../build/summit_joystick_control/summit_joystick_control.egg-info/top_level.txt
[1.009s] reading manifest file '../../build/summit_joystick_control/summit_joystick_control.egg-info/SOURCES.txt'
[1.010s] writing manifest file '../../build/summit_joystick_control/summit_joystick_control.egg-info/SOURCES.txt'
[1.010s] running build
[1.010s] running build_py
[1.010s] running install
[1.010s] running install_lib
[1.011s] running install_data
[1.011s] running install_egg_info
[1.013s] removing '/home/rajpurkar/Isaac_Project/roboconLidar_ws/install/summit_joystick_control/lib/python3.10/site-packages/summit_joystick_control-0.0.0-py3.10.egg-info' (and everything under it)
[1.013s] Copying ../../build/summit_joystick_control/summit_joystick_control.egg-info to /home/rajpurkar/Isaac_Project/roboconLidar_ws/install/summit_joystick_control/lib/python3.10/site-packages/summit_joystick_control-0.0.0-py3.10.egg-info
[1.014s] running install_scripts
[1.035s] Installing joystick_controller script to /home/rajpurkar/Isaac_Project/roboconLidar_ws/install/summit_joystick_control/lib/summit_joystick_control
[1.036s] writing list of installed files to '/home/rajpurkar/Isaac_Project/roboconLidar_ws/build/summit_joystick_control/install.log'
[1.053s] Invoked command in '/home/rajpurkar/Isaac_Project/roboconLidar_ws/src/summit_joystick_control' returned '0': PYTHONPATH=/home/rajpurkar/Isaac_Project/roboconLidar_ws/build/summit_joystick_control/prefix_override:/usr/lib/python3/dist-packages/colcon_core/task/python/colcon_distutils_commands:/home/rajpurkar/Isaac_Project/roboconLidar_ws/install/summit_joystick_control/lib/python3.10/site-packages:${PYTHONPATH} /usr/bin/python3 -W ignore:setup.py install is deprecated -W ignore:easy_install command is deprecated setup.py egg_info --egg-base ../../build/summit_joystick_control build --build-base /home/rajpurkar/Isaac_Project/roboconLidar_ws/build/summit_joystick_control/build install --record /home/rajpurkar/Isaac_Project/roboconLidar_ws/build/summit_joystick_control/install.log --single-version-externally-managed install_data
