running egg_info
writing ../../build/summit_joystick_control/summit_joystick_control.egg-info/PKG-INFO
writing dependency_links to ../../build/summit_joystick_control/summit_joystick_control.egg-info/dependency_links.txt
writing entry points to ../../build/summit_joystick_control/summit_joystick_control.egg-info/entry_points.txt
writing requirements to ../../build/summit_joystick_control/summit_joystick_control.egg-info/requires.txt
writing top-level names to ../../build/summit_joystick_control/summit_joystick_control.egg-info/top_level.txt
reading manifest file '../../build/summit_joystick_control/summit_joystick_control.egg-info/SOURCES.txt'
writing manifest file '../../build/summit_joystick_control/summit_joystick_control.egg-info/SOURCES.txt'
running build
running build_py
running install
running install_lib
running install_data
running install_egg_info
removing '/home/rajpurkar/Isaac_Project/Robocon-Lidar-ws/install/summit_joystick_control/lib/python3.10/site-packages/summit_joystick_control-0.0.0-py3.10.egg-info' (and everything under it)
Copying ../../build/summit_joystick_control/summit_joystick_control.egg-info to /home/rajpurkar/Isaac_Project/Robocon-Lidar-ws/install/summit_joystick_control/lib/python3.10/site-packages/summit_joystick_control-0.0.0-py3.10.egg-info
running install_scripts
Installing joystick_controller script to /home/rajpurkar/Isaac_Project/Robocon-Lidar-ws/install/summit_joystick_control/lib/summit_joystick_control
Installing linefollow_task1 script to /home/rajpurkar/Isaac_Project/Robocon-Lidar-ws/install/summit_joystick_control/lib/summit_joystick_control
Installing white_line_follower script to /home/rajpurkar/Isaac_Project/Robocon-Lidar-ws/install/summit_joystick_control/lib/summit_joystick_control
writing list of installed files to '/home/rajpurkar/Isaac_Project/Robocon-Lidar-ws/build/summit_joystick_control/install.log'
