[0.897s] Invoking command in '/home/rajpurkar/Isaac_Project/Robocon-Lidar-ws/src/summit_joystick_control': PYTHONPATH=/home/rajpurkar/Isaac_Project/Robocon-Lidar-ws/build/summit_joystick_control/prefix_override:/usr/lib/python3/dist-packages/colcon_core/task/python/colcon_distutils_commands:/home/rajpurkar/Isaac_Project/Robocon-Lidar-ws/install/summit_joystick_control/lib/python3.10/site-packages:${PYTHONPATH} /usr/bin/python3 -W ignore:setup.py install is deprecated -W ignore:easy_install command is deprecated setup.py egg_info --egg-base ../../build/summit_joystick_control build --build-base /home/rajpurkar/Isaac_Project/Robocon-Lidar-ws/build/summit_joystick_control/build install --record /home/rajpurkar/Isaac_Project/Robocon-Lidar-ws/build/summit_joystick_control/install.log --single-version-externally-managed install_data
[1.266s] running egg_info
[1.267s] writing ../../build/summit_joystick_control/summit_joystick_control.egg-info/PKG-INFO
[1.268s] writing dependency_links to ../../build/summit_joystick_control/summit_joystick_control.egg-info/dependency_links.txt
[1.268s] writing entry points to ../../build/summit_joystick_control/summit_joystick_control.egg-info/entry_points.txt
[1.268s] writing requirements to ../../build/summit_joystick_control/summit_joystick_control.egg-info/requires.txt
[1.269s] writing top-level names to ../../build/summit_joystick_control/summit_joystick_control.egg-info/top_level.txt
[1.270s] reading manifest file '../../build/summit_joystick_control/summit_joystick_control.egg-info/SOURCES.txt'
[1.271s] writing manifest file '../../build/summit_joystick_control/summit_joystick_control.egg-info/SOURCES.txt'
[1.272s] running build
[1.272s] running build_py
[1.272s] running install
[1.273s] running install_lib
[1.274s] running install_data
[1.274s] running install_egg_info
[1.276s] removing '/home/rajpurkar/Isaac_Project/Robocon-Lidar-ws/install/summit_joystick_control/lib/python3.10/site-packages/summit_joystick_control-0.0.0-py3.10.egg-info' (and everything under it)
[1.278s] Copying ../../build/summit_joystick_control/summit_joystick_control.egg-info to /home/rajpurkar/Isaac_Project/Robocon-Lidar-ws/install/summit_joystick_control/lib/python3.10/site-packages/summit_joystick_control-0.0.0-py3.10.egg-info
[1.279s] running install_scripts
[1.307s] Installing joystick_controller script to /home/rajpurkar/Isaac_Project/Robocon-Lidar-ws/install/summit_joystick_control/lib/summit_joystick_control
[1.307s] Installing linefollow_task1 script to /home/rajpurkar/Isaac_Project/Robocon-Lidar-ws/install/summit_joystick_control/lib/summit_joystick_control
[1.309s] Installing white_line_follower script to /home/rajpurkar/Isaac_Project/Robocon-Lidar-ws/install/summit_joystick_control/lib/summit_joystick_control
[1.309s] writing list of installed files to '/home/rajpurkar/Isaac_Project/Robocon-Lidar-ws/build/summit_joystick_control/install.log'
[1.328s] Invoked command in '/home/rajpurkar/Isaac_Project/Robocon-Lidar-ws/src/summit_joystick_control' returned '0': PYTHONPATH=/home/rajpurkar/Isaac_Project/Robocon-Lidar-ws/build/summit_joystick_control/prefix_override:/usr/lib/python3/dist-packages/colcon_core/task/python/colcon_distutils_commands:/home/rajpurkar/Isaac_Project/Robocon-Lidar-ws/install/summit_joystick_control/lib/python3.10/site-packages:${PYTHONPATH} /usr/bin/python3 -W ignore:setup.py install is deprecated -W ignore:easy_install command is deprecated setup.py egg_info --egg-base ../../build/summit_joystick_control build --build-base /home/rajpurkar/Isaac_Project/Robocon-Lidar-ws/build/summit_joystick_control/build install --record /home/rajpurkar/Isaac_Project/Robocon-Lidar-ws/build/summit_joystick_control/install.log --single-version-externally-managed install_data
