[0.763s] Invoking command in '/home/rajpurkar/Isaac_Project/roboconLidar_ws/src/summit_joystick_control': PYTHONPATH=/home/rajpurkar/Isaac_Project/roboconLidar_ws/build/summit_joystick_control/prefix_override:/usr/lib/python3/dist-packages/colcon_core/task/python/colcon_distutils_commands:/home/rajpurkar/Isaac_Project/roboconLidar_ws/install/summit_joystick_control/lib/python3.10/site-packages:${PYTHONPATH} /usr/bin/python3 -W ignore:setup.py install is deprecated -W ignore:easy_install command is deprecated setup.py egg_info --egg-base ../../build/summit_joystick_control build --build-base /home/rajpurkar/Isaac_Project/roboconLidar_ws/build/summit_joystick_control/build install --record /home/rajpurkar/Isaac_Project/roboconLidar_ws/build/summit_joystick_control/install.log --single-version-externally-managed install_data
[1.073s] running egg_info
[1.073s] creating ../../build/summit_joystick_control/summit_joystick_control.egg-info
[1.073s] writing ../../build/summit_joystick_control/summit_joystick_control.egg-info/PKG-INFO
[1.073s] writing dependency_links to ../../build/summit_joystick_control/summit_joystick_control.egg-info/dependency_links.txt
[1.073s] writing entry points to ../../build/summit_joystick_control/summit_joystick_control.egg-info/entry_points.txt
[1.073s] writing requirements to ../../build/summit_joystick_control/summit_joystick_control.egg-info/requires.txt
[1.074s] writing top-level names to ../../build/summit_joystick_control/summit_joystick_control.egg-info/top_level.txt
[1.074s] writing manifest file '../../build/summit_joystick_control/summit_joystick_control.egg-info/SOURCES.txt'
[1.075s] reading manifest file '../../build/summit_joystick_control/summit_joystick_control.egg-info/SOURCES.txt'
[1.076s] writing manifest file '../../build/summit_joystick_control/summit_joystick_control.egg-info/SOURCES.txt'
[1.076s] running build
[1.077s] running build_py
[1.077s] creating /home/rajpurkar/Isaac_Project/roboconLidar_ws/build/summit_joystick_control/build
[1.077s] creating /home/rajpurkar/Isaac_Project/roboconLidar_ws/build/summit_joystick_control/build/lib
[1.077s] creating /home/rajpurkar/Isaac_Project/roboconLidar_ws/build/summit_joystick_control/build/lib/summit_joystick_control
[1.077s] copying summit_joystick_control/__init__.py -> /home/rajpurkar/Isaac_Project/roboconLidar_ws/build/summit_joystick_control/build/lib/summit_joystick_control
[1.077s] running install
[1.077s] running install_lib
[1.078s] creating /home/rajpurkar/Isaac_Project/roboconLidar_ws/install/summit_joystick_control/lib/python3.10/site-packages/summit_joystick_control
[1.078s] copying /home/rajpurkar/Isaac_Project/roboconLidar_ws/build/summit_joystick_control/build/lib/summit_joystick_control/__init__.py -> /home/rajpurkar/Isaac_Project/roboconLidar_ws/install/summit_joystick_control/lib/python3.10/site-packages/summit_joystick_control
[1.079s] byte-compiling /home/rajpurkar/Isaac_Project/roboconLidar_ws/install/summit_joystick_control/lib/python3.10/site-packages/summit_joystick_control/__init__.py to __init__.cpython-310.pyc
[1.079s] running install_data
[1.079s] creating /home/rajpurkar/Isaac_Project/roboconLidar_ws/install/summit_joystick_control/share/ament_index
[1.079s] creating /home/rajpurkar/Isaac_Project/roboconLidar_ws/install/summit_joystick_control/share/ament_index/resource_index
[1.079s] creating /home/rajpurkar/Isaac_Project/roboconLidar_ws/install/summit_joystick_control/share/ament_index/resource_index/packages
[1.079s] copying resource/summit_joystick_control -> /home/rajpurkar/Isaac_Project/roboconLidar_ws/install/summit_joystick_control/share/ament_index/resource_index/packages
[1.079s] copying package.xml -> /home/rajpurkar/Isaac_Project/roboconLidar_ws/install/summit_joystick_control/share/summit_joystick_control
[1.079s] running install_egg_info
[1.081s] Copying ../../build/summit_joystick_control/summit_joystick_control.egg-info to /home/rajpurkar/Isaac_Project/roboconLidar_ws/install/summit_joystick_control/lib/python3.10/site-packages/summit_joystick_control-0.0.0-py3.10.egg-info
[1.082s] running install_scripts
[1.103s] writing list of installed files to '/home/rajpurkar/Isaac_Project/roboconLidar_ws/build/summit_joystick_control/install.log'
[1.124s] Invoked command in '/home/rajpurkar/Isaac_Project/roboconLidar_ws/src/summit_joystick_control' returned '0': PYTHONPATH=/home/rajpurkar/Isaac_Project/roboconLidar_ws/build/summit_joystick_control/prefix_override:/usr/lib/python3/dist-packages/colcon_core/task/python/colcon_distutils_commands:/home/rajpurkar/Isaac_Project/roboconLidar_ws/install/summit_joystick_control/lib/python3.10/site-packages:${PYTHONPATH} /usr/bin/python3 -W ignore:setup.py install is deprecated -W ignore:easy_install command is deprecated setup.py egg_info --egg-base ../../build/summit_joystick_control build --build-base /home/rajpurkar/Isaac_Project/roboconLidar_ws/build/summit_joystick_control/build install --record /home/rajpurkar/Isaac_Project/roboconLidar_ws/build/summit_joystick_control/install.log --single-version-externally-managed install_data
