running egg_info
creating ../../build/summit_joystick_control/summit_joystick_control.egg-info
writing ../../build/summit_joystick_control/summit_joystick_control.egg-info/PKG-INFO
writing dependency_links to ../../build/summit_joystick_control/summit_joystick_control.egg-info/dependency_links.txt
writing entry points to ../../build/summit_joystick_control/summit_joystick_control.egg-info/entry_points.txt
writing requirements to ../../build/summit_joystick_control/summit_joystick_control.egg-info/requires.txt
writing top-level names to ../../build/summit_joystick_control/summit_joystick_control.egg-info/top_level.txt
writing manifest file '../../build/summit_joystick_control/summit_joystick_control.egg-info/SOURCES.txt'
reading manifest file '../../build/summit_joystick_control/summit_joystick_control.egg-info/SOURCES.txt'
writing manifest file '../../build/summit_joystick_control/summit_joystick_control.egg-info/SOURCES.txt'
running build
running build_py
creating /home/rajpurkar/Isaac_Project/Robocon-Lidar-ws/build/summit_joystick_control/build
creating /home/rajpurkar/Isaac_Project/Robocon-Lidar-ws/build/summit_joystick_control/build/lib
copying joystick_controller.py -> /home/rajpurkar/Isaac_Project/Robocon-Lidar-ws/build/summit_joystick_control/build/lib
running install
running install_lib
copying /home/rajpurkar/Isaac_Project/Robocon-Lidar-ws/build/summit_joystick_control/build/lib/joystick_controller.py -> /home/rajpurkar/Isaac_Project/Robocon-Lidar-ws/install/summit_joystick_control/lib/python3.10/site-packages
byte-compiling /home/rajpurkar/Isaac_Project/Robocon-Lidar-ws/install/summit_joystick_control/lib/python3.10/site-packages/joystick_controller.py to joystick_controller.cpython-310.pyc
running install_data
creating /home/rajpurkar/Isaac_Project/Robocon-Lidar-ws/install/summit_joystick_control/share/ament_index
creating /home/rajpurkar/Isaac_Project/Robocon-Lidar-ws/install/summit_joystick_control/share/ament_index/resource_index
creating /home/rajpurkar/Isaac_Project/Robocon-Lidar-ws/install/summit_joystick_control/share/ament_index/resource_index/packages
copying resource/summit_joystick_control -> /home/rajpurkar/Isaac_Project/Robocon-Lidar-ws/install/summit_joystick_control/share/ament_index/resource_index/packages
copying package.xml -> /home/rajpurkar/Isaac_Project/Robocon-Lidar-ws/install/summit_joystick_control/share/summit_joystick_control
creating /home/rajpurkar/Isaac_Project/Robocon-Lidar-ws/install/summit_joystick_control/share/summit_joystick_control/launch
copying launch/display.launch.py -> /home/rajpurkar/Isaac_Project/Robocon-Lidar-ws/install/summit_joystick_control/share/summit_joystick_control/launch
copying launch/joystick_launch.py -> /home/rajpurkar/Isaac_Project/Robocon-Lidar-ws/install/summit_joystick_control/share/summit_joystick_control/launch
creating /home/rajpurkar/Isaac_Project/Robocon-Lidar-ws/install/summit_joystick_control/share/summit_joystick_control/config
copying config/default.rviz -> /home/rajpurkar/Isaac_Project/Robocon-Lidar-ws/install/summit_joystick_control/share/summit_joystick_control/config
running install_egg_info
Copying ../../build/summit_joystick_control/summit_joystick_control.egg-info to /home/rajpurkar/Isaac_Project/Robocon-Lidar-ws/install/summit_joystick_control/lib/python3.10/site-packages/summit_joystick_control-0.0.0-py3.10.egg-info
running install_scripts
Installing joystick_controller script to /home/rajpurkar/Isaac_Project/Robocon-Lidar-ws/install/summit_joystick_control/lib/summit_joystick_control
Installing linefollow_task1 script to /home/rajpurkar/Isaac_Project/Robocon-Lidar-ws/install/summit_joystick_control/lib/summit_joystick_control
Installing white_line_follower script to /home/rajpurkar/Isaac_Project/Robocon-Lidar-ws/install/summit_joystick_control/lib/summit_joystick_control
writing list of installed files to '/home/rajpurkar/Isaac_Project/Robocon-Lidar-ws/build/summit_joystick_control/install.log'
