[0.648s] Invoking command in '/home/rajpurkar/Isaac_Project/Robocon-Lidar-ws/src/summit_joystick_control': PYTHONPATH=/home/rajpurkar/Isaac_Project/Robocon-Lidar-ws/build/summit_joystick_control/prefix_override:/usr/lib/python3/dist-packages/colcon_core/task/python/colcon_distutils_commands:/home/rajpurkar/Isaac_Project/Robocon-Lidar-ws/install/summit_joystick_control/lib/python3.10/site-packages:${PYTHONPATH} /usr/bin/python3 -W ignore:setup.py install is deprecated -W ignore:easy_install command is deprecated setup.py egg_info --egg-base ../../build/summit_joystick_control build --build-base /home/rajpurkar/Isaac_Project/Robocon-Lidar-ws/build/summit_joystick_control/build install --record /home/rajpurkar/Isaac_Project/Robocon-Lidar-ws/build/summit_joystick_control/install.log --single-version-externally-managed install_data
[0.891s] running egg_info
[0.892s] creating ../../build/summit_joystick_control/summit_joystick_control.egg-info
[0.892s] writing ../../build/summit_joystick_control/summit_joystick_control.egg-info/PKG-INFO
[0.892s] writing dependency_links to ../../build/summit_joystick_control/summit_joystick_control.egg-info/dependency_links.txt
[0.892s] writing entry points to ../../build/summit_joystick_control/summit_joystick_control.egg-info/entry_points.txt
[0.892s] writing requirements to ../../build/summit_joystick_control/summit_joystick_control.egg-info/requires.txt
[0.892s] writing top-level names to ../../build/summit_joystick_control/summit_joystick_control.egg-info/top_level.txt
[0.892s] writing manifest file '../../build/summit_joystick_control/summit_joystick_control.egg-info/SOURCES.txt'
[0.894s] reading manifest file '../../build/summit_joystick_control/summit_joystick_control.egg-info/SOURCES.txt'
[0.894s] writing manifest file '../../build/summit_joystick_control/summit_joystick_control.egg-info/SOURCES.txt'
[0.894s] running build
[0.894s] running build_py
[0.894s] creating /home/rajpurkar/Isaac_Project/Robocon-Lidar-ws/build/summit_joystick_control/build
[0.895s] creating /home/rajpurkar/Isaac_Project/Robocon-Lidar-ws/build/summit_joystick_control/build/lib
[0.895s] copying joystick_controller.py -> /home/rajpurkar/Isaac_Project/Robocon-Lidar-ws/build/summit_joystick_control/build/lib
[0.895s] running install
[0.895s] running install_lib
[0.896s] copying /home/rajpurkar/Isaac_Project/Robocon-Lidar-ws/build/summit_joystick_control/build/lib/joystick_controller.py -> /home/rajpurkar/Isaac_Project/Robocon-Lidar-ws/install/summit_joystick_control/lib/python3.10/site-packages
[0.896s] byte-compiling /home/rajpurkar/Isaac_Project/Robocon-Lidar-ws/install/summit_joystick_control/lib/python3.10/site-packages/joystick_controller.py to joystick_controller.cpython-310.pyc
[0.897s] running install_data
[0.897s] creating /home/rajpurkar/Isaac_Project/Robocon-Lidar-ws/install/summit_joystick_control/share/ament_index
[0.897s] creating /home/rajpurkar/Isaac_Project/Robocon-Lidar-ws/install/summit_joystick_control/share/ament_index/resource_index
[0.897s] creating /home/rajpurkar/Isaac_Project/Robocon-Lidar-ws/install/summit_joystick_control/share/ament_index/resource_index/packages
[0.897s] copying resource/summit_joystick_control -> /home/rajpurkar/Isaac_Project/Robocon-Lidar-ws/install/summit_joystick_control/share/ament_index/resource_index/packages
[0.897s] copying package.xml -> /home/rajpurkar/Isaac_Project/Robocon-Lidar-ws/install/summit_joystick_control/share/summit_joystick_control
[0.897s] creating /home/rajpurkar/Isaac_Project/Robocon-Lidar-ws/install/summit_joystick_control/share/summit_joystick_control/launch
[0.897s] copying launch/display.launch.py -> /home/rajpurkar/Isaac_Project/Robocon-Lidar-ws/install/summit_joystick_control/share/summit_joystick_control/launch
[0.897s] copying launch/joystick_launch.py -> /home/rajpurkar/Isaac_Project/Robocon-Lidar-ws/install/summit_joystick_control/share/summit_joystick_control/launch
[0.897s] creating /home/rajpurkar/Isaac_Project/Robocon-Lidar-ws/install/summit_joystick_control/share/summit_joystick_control/config
[0.897s] copying config/default.rviz -> /home/rajpurkar/Isaac_Project/Robocon-Lidar-ws/install/summit_joystick_control/share/summit_joystick_control/config
[0.901s] running install_egg_info
[0.903s] Copying ../../build/summit_joystick_control/summit_joystick_control.egg-info to /home/rajpurkar/Isaac_Project/Robocon-Lidar-ws/install/summit_joystick_control/lib/python3.10/site-packages/summit_joystick_control-0.0.0-py3.10.egg-info
[0.903s] running install_scripts
[0.920s] Installing joystick_controller script to /home/rajpurkar/Isaac_Project/Robocon-Lidar-ws/install/summit_joystick_control/lib/summit_joystick_control
[0.920s] Installing linefollow_task1 script to /home/rajpurkar/Isaac_Project/Robocon-Lidar-ws/install/summit_joystick_control/lib/summit_joystick_control
[0.920s] Installing white_line_follower script to /home/rajpurkar/Isaac_Project/Robocon-Lidar-ws/install/summit_joystick_control/lib/summit_joystick_control
[0.920s] writing list of installed files to '/home/rajpurkar/Isaac_Project/Robocon-Lidar-ws/build/summit_joystick_control/install.log'
[0.939s] Invoked command in '/home/rajpurkar/Isaac_Project/Robocon-Lidar-ws/src/summit_joystick_control' returned '0': PYTHONPATH=/home/rajpurkar/Isaac_Project/Robocon-Lidar-ws/build/summit_joystick_control/prefix_override:/usr/lib/python3/dist-packages/colcon_core/task/python/colcon_distutils_commands:/home/rajpurkar/Isaac_Project/Robocon-Lidar-ws/install/summit_joystick_control/lib/python3.10/site-packages:${PYTHONPATH} /usr/bin/python3 -W ignore:setup.py install is deprecated -W ignore:easy_install command is deprecated setup.py egg_info --egg-base ../../build/summit_joystick_control build --build-base /home/rajpurkar/Isaac_Project/Robocon-Lidar-ws/build/summit_joystick_control/build install --record /home/rajpurkar/Isaac_Project/Robocon-Lidar-ws/build/summit_joystick_control/install.log --single-version-externally-managed install_data
