[0.704s] Invoking command in '/home/rajpurkar/Isaac_Project/roboconLidar_ws/src/summit_joystick_control': PYTHONPATH=/home/rajpurkar/Isaac_Project/roboconLidar_ws/build/summit_joystick_control/prefix_override:/usr/lib/python3/dist-packages/colcon_core/task/python/colcon_distutils_commands:/home/rajpurkar/Isaac_Project/roboconLidar_ws/install/summit_joystick_control/lib/python3.10/site-packages:${PYTHONPATH} /usr/bin/python3 -W ignore:setup.py install is deprecated -W ignore:easy_install command is deprecated setup.py egg_info --egg-base ../../build/summit_joystick_control build --build-base /home/rajpurkar/Isaac_Project/roboconLidar_ws/build/summit_joystick_control/build install --record /home/rajpurkar/Isaac_Project/roboconLidar_ws/build/summit_joystick_control/install.log --single-version-externally-managed install_data
[0.985s] running egg_info
[0.986s] writing ../../build/summit_joystick_control/summit_joystick_control.egg-info/PKG-INFO
[0.986s] writing dependency_links to ../../build/summit_joystick_control/summit_joystick_control.egg-info/dependency_links.txt
[0.986s] writing entry points to ../../build/summit_joystick_control/summit_joystick_control.egg-info/entry_points.txt
[0.986s] writing requirements to ../../build/summit_joystick_control/summit_joystick_control.egg-info/requires.txt
[0.986s] writing top-level names to ../../build/summit_joystick_control/summit_joystick_control.egg-info/top_level.txt
[0.988s] reading manifest file '../../build/summit_joystick_control/summit_joystick_control.egg-info/SOURCES.txt'
[0.989s] writing manifest file '../../build/summit_joystick_control/summit_joystick_control.egg-info/SOURCES.txt'
[0.989s] running build
[0.989s] running build_py
[0.989s] running install
[0.989s] running install_lib
[0.990s] running install_data
[0.990s] running install_egg_info
[0.992s] removing '/home/rajpurkar/Isaac_Project/roboconLidar_ws/install/summit_joystick_control/lib/python3.10/site-packages/summit_joystick_control-0.0.0-py3.10.egg-info' (and everything under it)
[0.992s] Copying ../../build/summit_joystick_control/summit_joystick_control.egg-info to /home/rajpurkar/Isaac_Project/roboconLidar_ws/install/summit_joystick_control/lib/python3.10/site-packages/summit_joystick_control-0.0.0-py3.10.egg-info
[0.993s] running install_scripts
[1.014s] Installing joystick_controller script to /home/rajpurkar/Isaac_Project/roboconLidar_ws/install/summit_joystick_control/lib/summit_joystick_control
[1.014s] writing list of installed files to '/home/rajpurkar/Isaac_Project/roboconLidar_ws/build/summit_joystick_control/install.log'
[1.033s] Invoked command in '/home/rajpurkar/Isaac_Project/roboconLidar_ws/src/summit_joystick_control' returned '0': PYTHONPATH=/home/rajpurkar/Isaac_Project/roboconLidar_ws/build/summit_joystick_control/prefix_override:/usr/lib/python3/dist-packages/colcon_core/task/python/colcon_distutils_commands:/home/rajpurkar/Isaac_Project/roboconLidar_ws/install/summit_joystick_control/lib/python3.10/site-packages:${PYTHONPATH} /usr/bin/python3 -W ignore:setup.py install is deprecated -W ignore:easy_install command is deprecated setup.py egg_info --egg-base ../../build/summit_joystick_control build --build-base /home/rajpurkar/Isaac_Project/roboconLidar_ws/build/summit_joystick_control/build install --record /home/rajpurkar/Isaac_Project/roboconLidar_ws/build/summit_joystick_control/install.log --single-version-externally-managed install_data
